Using pre-set license
Built from '2021.3/staging' branch; Version is '2021.3.6f1 (7da38d85baf6) revision 8233869'; Using compiler version '192829333'; Build Type 'Release'
OS: 'Windows 10  (10.0.19044) 64bit Professional' Language: 'pt' Physical Memory: 16253 MB
BatchMode: 1, IsHumanControllingUs: 0, StartBugReporterOnCrash: 0, Is64bit: 1, IsPro: 1

COMMAND LINE ARGUMENTS:
C:\Program Files\Unity\Hub\Editor\2021.3.6f1\Editor\Unity.exe
-adb2
-batchMode
-noUpm
-name
AssetImportWorker0
-projectPath
D:/Madeleine Butchertz/Projetos/Jogo/MadeleineButchertz
-logFile
Logs/AssetImportWorker0.log
-srvPort
55243
Successfully changed project path to: D:/Madeleine Butchertz/Projetos/Jogo/MadeleineButchertz
D:/Madeleine Butchertz/Projetos/Jogo/MadeleineButchertz
[UnityMemory] Configuration Parameters - Can be set up in boot.config
    "memorysetup-bucket-allocator-granularity=16"
    "memorysetup-bucket-allocator-bucket-count=8"
    "memorysetup-bucket-allocator-block-size=33554432"
    "memorysetup-bucket-allocator-block-count=8"
    "memorysetup-main-allocator-block-size=16777216"
    "memorysetup-thread-allocator-block-size=16777216"
    "memorysetup-gfx-main-allocator-block-size=16777216"
    "memorysetup-gfx-thread-allocator-block-size=16777216"
    "memorysetup-cache-allocator-block-size=4194304"
    "memorysetup-typetree-allocator-block-size=2097152"
    "memorysetup-profiler-bucket-allocator-granularity=16"
    "memorysetup-profiler-bucket-allocator-bucket-count=8"
    "memorysetup-profiler-bucket-allocator-block-size=33554432"
    "memorysetup-profiler-bucket-allocator-block-count=8"
    "memorysetup-profiler-allocator-block-size=16777216"
    "memorysetup-profiler-editor-allocator-block-size=1048576"
    "memorysetup-temp-allocator-size-main=16777216"
    "memorysetup-job-temp-allocator-block-size=2097152"
    "memorysetup-job-temp-allocator-block-size-background=1048576"
    "memorysetup-job-temp-allocator-reduction-small-platforms=262144"
    "memorysetup-temp-allocator-size-background-worker=32768"
    "memorysetup-temp-allocator-size-job-worker=262144"
    "memorysetup-temp-allocator-size-preload-manager=33554432"
    "memorysetup-temp-allocator-size-nav-mesh-worker=65536"
    "memorysetup-temp-allocator-size-audio-worker=65536"
    "memorysetup-temp-allocator-size-cloud-worker=32768"
    "memorysetup-temp-allocator-size-gi-baking-worker=262144"
    "memorysetup-temp-allocator-size-gfx=262144"
Refreshing native plugins compatible for Editor in 70.49 ms, found 3 plugins.
Preloading 0 native plugins for Editor in 0.00 ms.
Initialize engine version: 2021.3.6f1 (7da38d85baf6)
[Subsystems] Discovering subsystems at path C:/Program Files/Unity/Hub/Editor/2021.3.6f1/Editor/Data/Resources/UnitySubsystems
[Subsystems] Discovering subsystems at path D:/Madeleine Butchertz/Projetos/Jogo/MadeleineButchertz/Assets
GfxDevice: creating device client; threaded=0; jobified=0
Direct3D:
    Version:  Direct3D 11.0 [level 11.1]
    Renderer: NVIDIA GeForce GTX 1050 Ti (ID=0x1c82)
    Vendor:   NVIDIA
    VRAM:     4018 MB
    Driver:   30.0.15.1215
Initialize mono
Mono path[0] = 'C:/Program Files/Unity/Hub/Editor/2021.3.6f1/Editor/Data/Managed'
Mono path[1] = 'C:/Program Files/Unity/Hub/Editor/2021.3.6f1/Editor/Data/MonoBleedingEdge/lib/mono/unityjit-win32'
Mono config path = 'C:/Program Files/Unity/Hub/Editor/2021.3.6f1/Editor/Data/MonoBleedingEdge/etc'
Using monoOptions --debugger-agent=transport=dt_socket,embedding=1,server=y,suspend=n,address=127.0.0.1:56020
Begin MonoManager ReloadAssembly
Registering precompiled unity dll's ...
Register platform support module: C:/Program Files/Unity/Hub/Editor/2021.3.6f1/Editor/Data/PlaybackEngines/WindowsStandaloneSupport/UnityEditor.WindowsStandalone.Extensions.dll
Register platform support module: C:/Program Files/Unity/Hub/Editor/2021.3.6f1/Editor/Data/PlaybackEngines/MetroSupport/UnityEditor.UWP.Extensions.dll
Registered in 0.005469 seconds.
Native extension for UWP target not found
Native extension for WindowsStandalone target not found
Refreshing native plugins compatible for Editor in 90.95 ms, found 3 plugins.
Preloading 0 native plugins for Editor in 0.00 ms.
Mono: successfully reloaded assembly
- Completed reload, in  0.535 seconds
Domain Reload Profiling:
	ReloadAssembly (536ms)
		BeginReloadAssembly (59ms)
			ExecutionOrderSort (0ms)
			DisableScriptedObjects (0ms)
			BackupInstance (0ms)
			ReleaseScriptingObjects (0ms)
			CreateAndSetChildDomain (1ms)
		EndReloadAssembly (384ms)
			LoadAssemblies (58ms)
			RebuildTransferFunctionScriptingTraits (0ms)
			SetupTypeCache (84ms)
			ReleaseScriptCaches (0ms)
			RebuildScriptCaches (24ms)
			SetupLoadedEditorAssemblies (235ms)
				LogAssemblyErrors (0ms)
				InitializePlatformSupportModulesInManaged (7ms)
				SetLoadedEditorAssemblies (0ms)
				RefreshPlugins (91ms)
				BeforeProcessingInitializeOnLoad (1ms)
				ProcessInitializeOnLoadAttributes (100ms)
				ProcessInitializeOnLoadMethodAttributes (35ms)
				AfterProcessingInitializeOnLoad (0ms)
				EditorAssembliesLoaded (0ms)
			ExecutionOrderSort2 (0ms)
			AwakeInstancesAfterBackupRestoration (0ms)
Platform modules already initialized, skipping
Registering precompiled user dll's ...
Registered in 0.002832 seconds.
Begin MonoManager ReloadAssembly
Symbol file LoadedFromMemory doesn't match image D:\Madeleine Butchertz\Projetos\Jogo\MadeleineButchertz\Library\PackageCache\com.unity.visualscripting@1.7.8\Editor\VisualScripting.Core\Dependencies\YamlDotNet\Unity.VisualScripting.YamlDotNet.dll
Symbol file LoadedFromMemory doesn't match image D:\Madeleine Butchertz\Projetos\Jogo\MadeleineButchertz\Library\PackageCache\com.unity.visualscripting@1.7.8\Editor\VisualScripting.Core\Dependencies\DotNetZip\Unity.VisualScripting.IonicZip.dll
Native extension for UWP target not found
Native extension for WindowsStandalone target not found
Refreshing native plugins compatible for Editor in 0.68 ms, found 3 plugins.
Preloading 0 native plugins for Editor in 0.00 ms.
Mono: successfully reloaded assembly
- Completed reload, in  0.831 seconds
Domain Reload Profiling:
	ReloadAssembly (831ms)
		BeginReloadAssembly (82ms)
			ExecutionOrderSort (0ms)
			DisableScriptedObjects (4ms)
			BackupInstance (0ms)
			ReleaseScriptingObjects (0ms)
			CreateAndSetChildDomain (14ms)
		EndReloadAssembly (659ms)
			LoadAssemblies (59ms)
			RebuildTransferFunctionScriptingTraits (0ms)
			SetupTypeCache (200ms)
			ReleaseScriptCaches (0ms)
			RebuildScriptCaches (47ms)
			SetupLoadedEditorAssemblies (310ms)
				LogAssemblyErrors (0ms)
				InitializePlatformSupportModulesInManaged (6ms)
				SetLoadedEditorAssemblies (0ms)
				RefreshPlugins (1ms)
				BeforeProcessingInitializeOnLoad (75ms)
				ProcessInitializeOnLoadAttributes (199ms)
				ProcessInitializeOnLoadMethodAttributes (24ms)
				AfterProcessingInitializeOnLoad (5ms)
				EditorAssembliesLoaded (0ms)
			ExecutionOrderSort2 (0ms)
			AwakeInstancesAfterBackupRestoration (4ms)
Platform modules already initialized, skipping
========================================================================
Worker process is ready to serve import requests
Launched and connected shader compiler UnityShaderCompiler.exe after 0.03 seconds
Refreshing native plugins compatible for Editor in 0.48 ms, found 3 plugins.
Preloading 0 native plugins for Editor in 0.00 ms.
Unloading 3773 Unused Serialized files (Serialized files now loaded: 0)
Unloading 28 unused Assets / (153.9 KB). Loaded Objects now: 4233.
Memory consumption went from 134.3 MB to 134.2 MB.
Total: 3.472100 ms (FindLiveObjects: 0.275500 ms CreateObjectMapping: 0.119600 ms MarkObjects: 2.913400 ms  DeleteObjects: 0.162500 ms)

AssetImportParameters requested are different than current active one (requested -> active):
  custom:video-decoder-ogg-theora: a1e56fd34408186e4bbccfd4996cb3dc -> 
  custom:container-muxer-webm: aa71ff27fc2769a1b78a27578f13a17b -> 
  custom:container-demuxer-webm: 4f35f7cbe854078d1ac9338744f61a02 -> 
  custom:video-encoder-webm-vp8: eb34c28f22e8b96e1ab97ce403110664 -> 
  custom:audio-encoder-webm-vorbis: bf7c407c2cedff20999df2af8eb42d56 -> 
  custom:framework-win-MediaFoundation: 216162199b28c13a410421893ffa2e32 -> 
  custom:container-demuxer-ogg: 62fdf1f143b41e24485cea50d1cbac27 -> 
  custom:video-decoder-webm-vp8: 9c59270c3fd7afecdb556c50c9e8de78 -> 
  custom:audio-decoder-ogg-vorbis: bf7c407c2cedff20999df2af8eb42d56 -> 
========================================================================
Received Import Request.
  Time since last request: 21247.948155 seconds.
  path: Assets/Materials/Icon.mat
  artifactKey: Guid(78b04192b9f190647b1dbbbabe4cd62b) Importer(815301076,1909f56bfc062723c751e8b465ee728b)
Start importing Assets/Materials/Icon.mat using Guid(78b04192b9f190647b1dbbbabe4cd62b) Importer(815301076,1909f56bfc062723c751e8b465ee728b)  -> (artifact id: '1a07301e4392e06633efce118c9e664d') in 0.239299 seconds 
========================================================================
Received Import Request.
  Time since last request: 64.747402 seconds.
  path: Assets/Materials/Icon.mat
  artifactKey: Guid(78b04192b9f190647b1dbbbabe4cd62b) Importer(815301076,1909f56bfc062723c751e8b465ee728b)
Start importing Assets/Materials/Icon.mat using Guid(78b04192b9f190647b1dbbbabe4cd62b) Importer(815301076,1909f56bfc062723c751e8b465ee728b)  -> (artifact id: 'de44f68efc3cb9941c1e5398cc6d6679') in 0.078173 seconds 
========================================================================
Received Import Request.
  Time since last request: 37.752098 seconds.
  path: Assets/Materials/Gold.mat
  artifactKey: Guid(80f19433de640ec43959faddbb3c70db) Importer(815301076,1909f56bfc062723c751e8b465ee728b)
Start importing Assets/Materials/Gold.mat using Guid(80f19433de640ec43959faddbb3c70db) Importer(815301076,1909f56bfc062723c751e8b465ee728b)  -> (artifact id: '25f39d8858ee78ae2ce217a37f0aa69e') in 0.008882 seconds 
========================================================================
Received Import Request.
  Time since last request: 62.762273 seconds.
  path: Assets/Materials/Gold.mat
  artifactKey: Guid(80f19433de640ec43959faddbb3c70db) Importer(815301076,1909f56bfc062723c751e8b465ee728b)
Start importing Assets/Materials/Gold.mat using Guid(80f19433de640ec43959faddbb3c70db) Importer(815301076,1909f56bfc062723c751e8b465ee728b)  -> (artifact id: '23d4329d223f52c3b609c9710b8e9ce2') in 0.016022 seconds 
========================================================================
Received Import Request.
  Time since last request: 617.785169 seconds.
  path: Assets/Materials/Gold 1.mat
  artifactKey: Guid(58924b85f14b23c45b86ca5bea838f9b) Importer(815301076,1909f56bfc062723c751e8b465ee728b)
Start importing Assets/Materials/Gold 1.mat using Guid(58924b85f14b23c45b86ca5bea838f9b) Importer(815301076,1909f56bfc062723c751e8b465ee728b)  -> (artifact id: 'ffc244f3682d6409bee4c4b9dca3522c') in 0.010365 seconds 
========================================================================
Received Import Request.
  Time since last request: 5.351787 seconds.
  path: Assets/Materials/Silver.mat
  artifactKey: Guid(58924b85f14b23c45b86ca5bea838f9b) Importer(815301076,1909f56bfc062723c751e8b465ee728b)
Start importing Assets/Materials/Silver.mat using Guid(58924b85f14b23c45b86ca5bea838f9b) Importer(815301076,1909f56bfc062723c751e8b465ee728b)  -> (artifact id: '6da7142d22a1df5ccc7cfdfba773a9a2') in 0.009686 seconds 
========================================================================
Received Import Request.
  Time since last request: 52.466562 seconds.
  path: Assets/Materials/Silver.mat
  artifactKey: Guid(58924b85f14b23c45b86ca5bea838f9b) Importer(815301076,1909f56bfc062723c751e8b465ee728b)
Start importing Assets/Materials/Silver.mat using Guid(58924b85f14b23c45b86ca5bea838f9b) Importer(815301076,1909f56bfc062723c751e8b465ee728b)  -> (artifact id: 'a83cd590dde5fa780733789f14988ce9') in 0.013166 seconds 
========================================================================
Received Import Request.
  Time since last request: 665.669744 seconds.
  path: Assets/Materials/Icon 1.mat
  artifactKey: Guid(1151fad330e180944ab2b7eb4cca06ee) Importer(815301076,1909f56bfc062723c751e8b465ee728b)
Start importing Assets/Materials/Icon 1.mat using Guid(1151fad330e180944ab2b7eb4cca06ee) Importer(815301076,1909f56bfc062723c751e8b465ee728b)  -> (artifact id: '5a3da116c0e4d4af3b6213c0884d1d28') in 0.011152 seconds 
========================================================================
Received Import Request.
  Time since last request: 6.050022 seconds.
  path: Assets/Materials/Blood.mat
  artifactKey: Guid(1151fad330e180944ab2b7eb4cca06ee) Importer(815301076,1909f56bfc062723c751e8b465ee728b)
Start importing Assets/Materials/Blood.mat using Guid(1151fad330e180944ab2b7eb4cca06ee) Importer(815301076,1909f56bfc062723c751e8b465ee728b)  -> (artifact id: '7e5b2747dccd5063441ee85a652d0234') in 0.009829 seconds 
========================================================================
Received Import Request.
  Time since last request: 56.832687 seconds.
  path: Assets/Materials/Blood.mat
  artifactKey: Guid(1151fad330e180944ab2b7eb4cca06ee) Importer(815301076,1909f56bfc062723c751e8b465ee728b)
Start importing Assets/Materials/Blood.mat using Guid(1151fad330e180944ab2b7eb4cca06ee) Importer(815301076,1909f56bfc062723c751e8b465ee728b)  -> (artifact id: '99aa646da5496cb924bd5e0b9b3e3c9f') in 0.013396 seconds 
